2024-09-18T17:57:53.761813+00:00 INFO 'ansible_navigator.setup_logger' New ansible-navigator instance, logging initialized
2024-09-18T17:57:53.762138+00:00 INFO 'ansible_navigator.setup_logger' New ansible-runner instance, logging initialized
2024-09-18T17:57:53.762183+00:00 DEBUG 'ansible_navigator.main' Jinja2==3.1.4 
2024-09-18T17:57:53.762217+00:00 DEBUG 'ansible_navigator.main' MarkupSafe==2.1.5 
2024-09-18T17:57:53.762247+00:00 DEBUG 'ansible_navigator.main' Parsley==1.3 
2024-09-18T17:57:53.762277+00:00 DEBUG 'ansible_navigator.main' PySocks==1.7.1 
2024-09-18T17:57:53.762305+00:00 DEBUG 'ansible_navigator.main' PyYAML==5.4.1 
2024-09-18T17:57:53.762332+00:00 DEBUG 'ansible_navigator.main' Pygments==2.18.0 
2024-09-18T17:57:53.762360+00:00 DEBUG 'ansible_navigator.main' ansible-builder==3.1.0 
2024-09-18T17:57:53.762386+00:00 DEBUG 'ansible_navigator.main' ansible-compat==24.7.0 
2024-09-18T17:57:53.762413+00:00 DEBUG 'ansible_navigator.main' ansible-core==2.14.14 
2024-09-18T17:57:53.762440+00:00 DEBUG 'ansible_navigator.main' ansible-lint==6.22.2 
2024-09-18T17:57:53.762467+00:00 DEBUG 'ansible_navigator.main' ansible-navigator==24.2.0 
2024-09-18T17:57:53.762493+00:00 DEBUG 'ansible_navigator.main' ansible-runner==2.4.0 
2024-09-18T17:57:53.762519+00:00 DEBUG 'ansible_navigator.main' attrs==24.2.0 /usr/local/lib/python3.9/site-packages/attrs/__init__.py
2024-09-18T17:57:53.762546+00:00 DEBUG 'ansible_navigator.main' bindep==2.11.0 /usr/local/lib/python3.9/site-packages/bindep/__init__.py
2024-09-18T17:57:53.762572+00:00 DEBUG 'ansible_navigator.main' black==24.8.0 /usr/local/lib64/python3.9/site-packages/black/__init__.cpython-39-x86_64-linux-gnu.so
2024-09-18T17:57:53.762599+00:00 DEBUG 'ansible_navigator.main' bracex==2.5 /usr/local/lib/python3.9/site-packages/bracex/__init__.py
2024-09-18T17:57:53.762626+00:00 DEBUG 'ansible_navigator.main' cffi==1.14.5 /usr/lib64/python3.9/site-packages/cffi/__init__.py
2024-09-18T17:57:53.762653+00:00 DEBUG 'ansible_navigator.main' chardet==4.0.0 /usr/lib/python3.9/site-packages/chardet/__init__.py
2024-09-18T17:57:53.762680+00:00 DEBUG 'ansible_navigator.main' click==8.1.7 /usr/local/lib/python3.9/site-packages/click/__init__.py
2024-09-18T17:57:53.762706+00:00 DEBUG 'ansible_navigator.main' cockpit==311.2 /usr/lib/python3.9/site-packages/cockpit/__init__.py
2024-09-18T17:57:53.762733+00:00 DEBUG 'ansible_navigator.main' cryptography==36.0.1 /usr/lib64/python3.9/site-packages/cryptography/__init__.py
2024-09-18T17:57:53.762759+00:00 DEBUG 'ansible_navigator.main' dasbus==1.4 /usr/lib/python3.9/site-packages/dasbus/__init__.py
2024-09-18T17:57:53.762785+00:00 DEBUG 'ansible_navigator.main' dbus-python==1.2.18 
2024-09-18T17:57:53.762811+00:00 DEBUG 'ansible_navigator.main' decorator==4.4.2 /usr/lib/python3.9/site-packages/decorator.py
2024-09-18T17:57:53.762837+00:00 DEBUG 'ansible_navigator.main' distro==1.9.0 /usr/local/lib/python3.9/site-packages/distro/__init__.py
2024-09-18T17:57:53.762863+00:00 DEBUG 'ansible_navigator.main' docutils==0.21.2 /usr/local/lib/python3.9/site-packages/docutils/__init__.py
2024-09-18T17:57:53.762890+00:00 DEBUG 'ansible_navigator.main' file-magic==0.4.0 
2024-09-18T17:57:53.762916+00:00 DEBUG 'ansible_navigator.main' filelock==3.15.4 /usr/local/lib/python3.9/site-packages/filelock/__init__.py
2024-09-18T17:57:53.762943+00:00 DEBUG 'ansible_navigator.main' idna==2.10 /usr/lib/python3.9/site-packages/idna/__init__.py
2024-09-18T17:57:53.762969+00:00 DEBUG 'ansible_navigator.main' importlib-metadata==6.2.1 
2024-09-18T17:57:53.762995+00:00 DEBUG 'ansible_navigator.main' iniparse==0.4 /usr/lib/python3.9/site-packages/iniparse/__init__.py
2024-09-18T17:57:53.763021+00:00 DEBUG 'ansible_navigator.main' jsonschema-specifications==2023.12.1 
2024-09-18T17:57:53.763047+00:00 DEBUG 'ansible_navigator.main' jsonschema==4.23.0 /usr/local/lib/python3.9/site-packages/jsonschema/__init__.py
2024-09-18T17:57:53.763074+00:00 DEBUG 'ansible_navigator.main' lockfile==0.12.2 /usr/local/lib/python3.9/site-packages/lockfile/__init__.py
2024-09-18T17:57:53.763100+00:00 DEBUG 'ansible_navigator.main' markdown-it-py==3.0.0 
2024-09-18T17:57:53.763135+00:00 DEBUG 'ansible_navigator.main' mdurl==0.1.2 /usr/local/lib/python3.9/site-packages/mdurl/__init__.py
2024-09-18T17:57:53.763163+00:00 DEBUG 'ansible_navigator.main' mypy-extensions==1.0.0 
2024-09-18T17:57:53.763190+00:00 DEBUG 'ansible_navigator.main' nftables==0.1 /usr/lib/python3.9/site-packages/nftables/__init__.py
2024-09-18T17:57:53.763217+00:00 DEBUG 'ansible_navigator.main' onigurumacffi==1.3.0 /usr/local/lib64/python3.9/site-packages/onigurumacffi.py
2024-09-18T17:57:53.763243+00:00 DEBUG 'ansible_navigator.main' packaging==24.1 /usr/local/lib/python3.9/site-packages/packaging/__init__.py
2024-09-18T17:57:53.763270+00:00 DEBUG 'ansible_navigator.main' pathspec==0.12.1 /usr/local/lib/python3.9/site-packages/pathspec/__init__.py
2024-09-18T17:57:53.763296+00:00 DEBUG 'ansible_navigator.main' pbr==6.0.0 /usr/local/lib/python3.9/site-packages/pbr/__init__.py
2024-09-18T17:57:53.763323+00:00 DEBUG 'ansible_navigator.main' perf==0.1 /usr/lib64/python3.9/site-packages/perf.cpython-39-x86_64-linux-gnu.so
2024-09-18T17:57:53.763349+00:00 DEBUG 'ansible_navigator.main' pip==21.2.3 /usr/lib/python3.9/site-packages/pip/__init__.py
2024-09-18T17:57:53.763376+00:00 DEBUG 'ansible_navigator.main' platformdirs==4.2.2 /usr/local/lib/python3.9/site-packages/platformdirs/__init__.py
2024-09-18T17:57:53.763402+00:00 DEBUG 'ansible_navigator.main' ply==3.11 /usr/lib/python3.9/site-packages/ply/__init__.py
2024-09-18T17:57:53.763429+00:00 DEBUG 'ansible_navigator.main' psutil==5.8.0 /usr/lib64/python3.9/site-packages/psutil/__init__.py
2024-09-18T17:57:53.763455+00:00 DEBUG 'ansible_navigator.main' pycparser==2.20 /usr/lib/python3.9/site-packages/pycparser/__init__.py
2024-09-18T17:57:53.763482+00:00 DEBUG 'ansible_navigator.main' pyinotify==0.9.6 /usr/lib/python3.9/site-packages/pyinotify.py
2024-09-18T17:57:53.763508+00:00 DEBUG 'ansible_navigator.main' pyparsing==2.4.7 /usr/lib/python3.9/site-packages/pyparsing.py
2024-09-18T17:57:53.763534+00:00 DEBUG 'ansible_navigator.main' pyrsistent==0.17.3 /usr/lib64/python3.9/site-packages/pyrsistent/__init__.py
2024-09-18T17:57:53.763560+00:00 DEBUG 'ansible_navigator.main' python-daemon==3.0.1 
2024-09-18T17:57:53.763587+00:00 DEBUG 'ansible_navigator.main' python-dateutil==2.8.1 
2024-09-18T17:57:53.763613+00:00 DEBUG 'ansible_navigator.main' python-linux-procfs==0.7.3 
2024-09-18T17:57:53.763640+00:00 DEBUG 'ansible_navigator.main' pyudev==0.22.0 /usr/lib/python3.9/site-packages/pyudev/__init__.py
2024-09-18T17:57:53.763667+00:00 DEBUG 'ansible_navigator.main' referencing==0.35.1 /usr/local/lib/python3.9/site-packages/referencing/__init__.py
2024-09-18T17:57:53.763693+00:00 DEBUG 'ansible_navigator.main' requests==2.25.1 /usr/lib/python3.9/site-packages/requests/__init__.py
2024-09-18T17:57:53.763720+00:00 DEBUG 'ansible_navigator.main' requirements-parser==0.2.0 
2024-09-18T17:57:53.763746+00:00 DEBUG 'ansible_navigator.main' resolvelib==0.5.4 /usr/lib/python3.9/site-packages/resolvelib/__init__.py
2024-09-18T17:57:53.763773+00:00 DEBUG 'ansible_navigator.main' rich==13.7.1 /usr/local/lib/python3.9/site-packages/rich/__init__.py
2024-09-18T17:57:53.763799+00:00 DEBUG 'ansible_navigator.main' rpds-py==0.20.0 
2024-09-18T17:57:53.763826+00:00 DEBUG 'ansible_navigator.main' ruamel.yaml.clib==0.2.8 
2024-09-18T17:57:53.763853+00:00 DEBUG 'ansible_navigator.main' ruamel.yaml==0.18.6 /usr/local/lib/python3.9/site-packages/ruamel/yaml/__init__.py
2024-09-18T17:57:53.763879+00:00 DEBUG 'ansible_navigator.main' selinux==3.6 /usr/lib64/python3.9/site-packages/selinux/__init__.py
2024-09-18T17:57:53.763906+00:00 DEBUG 'ansible_navigator.main' sepolicy==3.6 /usr/lib/python3.9/site-packages/sepolicy/__init__.py
2024-09-18T17:57:53.763932+00:00 DEBUG 'ansible_navigator.main' setools==4.4.4 /usr/lib64/python3.9/site-packages/setools/__init__.py
2024-09-18T17:57:53.763958+00:00 DEBUG 'ansible_navigator.main' setroubleshoot==3.3.32 /usr/lib/python3.9/site-packages/setroubleshoot/__init__.py
2024-09-18T17:57:53.763984+00:00 DEBUG 'ansible_navigator.main' setuptools==72.2.0 /usr/local/lib/python3.9/site-packages/setuptools/__init__.py
2024-09-18T17:57:53.764016+00:00 DEBUG 'ansible_navigator.main' six==1.15.0 /usr/lib/python3.9/site-packages/six.py
2024-09-18T17:57:53.764044+00:00 DEBUG 'ansible_navigator.main' sos==4.7.1 /usr/lib/python3.9/site-packages/sos/__init__.py
2024-09-18T17:57:53.764071+00:00 DEBUG 'ansible_navigator.main' subprocess-tee==0.4.2 
2024-09-18T17:57:53.764097+00:00 DEBUG 'ansible_navigator.main' subscription-manager==1.29.40 
2024-09-18T17:57:53.764123+00:00 DEBUG 'ansible_navigator.main' tomli==2.0.1 /usr/local/lib/python3.9/site-packages/tomli/__init__.py
2024-09-18T17:57:53.764149+00:00 DEBUG 'ansible_navigator.main' typing-extensions==4.12.2 
2024-09-18T17:57:53.764176+00:00 DEBUG 'ansible_navigator.main' typing_extensions==4.12.2 /usr/local/lib/python3.9/site-packages/typing_extensions.py
2024-09-18T17:57:53.764203+00:00 DEBUG 'ansible_navigator.main' tzdata==2024.1 /usr/local/lib/python3.9/site-packages/tzdata/__init__.py
2024-09-18T17:57:53.764229+00:00 DEBUG 'ansible_navigator.main' urllib3==1.26.5 /usr/lib/python3.9/site-packages/urllib3/__init__.py
2024-09-18T17:57:53.764255+00:00 DEBUG 'ansible_navigator.main' wcmatch==9.0 /usr/local/lib/python3.9/site-packages/wcmatch/__init__.py
2024-09-18T17:57:53.764281+00:00 DEBUG 'ansible_navigator.main' yamllint==1.35.1 /usr/local/lib/python3.9/site-packages/yamllint/__init__.py
2024-09-18T17:57:53.764307+00:00 DEBUG 'ansible_navigator.main' zipp==3.20.0 /usr/local/lib/python3.9/site-packages/zipp/__init__.py
2024-09-18T17:57:53.764333+00:00 DEBUG 'ansible_navigator.main' Default collection_doc_cache_path set to: /root/.cache/ansible-navigator/collection_doc_cache.db
2024-09-18T17:57:53.764360+00:00 DEBUG 'ansible_navigator.main' EDITOR environment variable not set
2024-09-18T17:57:53.764387+00:00 DEBUG 'ansible_navigator.main' Default editor_command set to: vi +{line_number} {filename}
2024-09-18T17:57:53.764413+00:00 DEBUG 'ansible_navigator.main' No config file set by ANSIBLE_NAVIGATOR_CONFIG
2024-09-18T17:57:53.764440+00:00 DEBUG 'ansible_navigator.main' Looking in /root
2024-09-18T17:57:53.764466+00:00 DEBUG 'ansible_navigator.main' Looking for '/root/.ansible-navigator.yml', '/root/.ansible-navigator.yaml' and '/root/.ansible-navigator.json'
2024-09-18T17:57:53.764493+00:00 DEBUG 'ansible_navigator.main' Found 0: 
2024-09-18T17:57:53.764519+00:00 DEBUG 'ansible_navigator.main' Looking in /home/student/ansible
2024-09-18T17:57:53.764545+00:00 DEBUG 'ansible_navigator.main' Looking for '/home/student/ansible/ansible-navigator.yml', '/home/student/ansible/ansible-navigator.yaml' and '/home/student/ansible/ansible-navigator.json'
2024-09-18T17:57:53.764573+00:00 DEBUG 'ansible_navigator.main' Found 0: 
2024-09-18T17:57:53.764599+00:00 DEBUG 'ansible_navigator.main' All found 0: 
2024-09-18T17:57:53.764625+00:00 DEBUG 'ansible_navigator.main' Using: None
2024-09-18T17:57:53.764652+00:00 DEBUG 'ansible_navigator.main' No valid settings file found, using all default values for settings.
2024-09-18T17:57:53.764678+00:00 DEBUG 'ansible_navigator.main' Command provided: 'packages.yml'
2024-09-18T17:57:53.764707+00:00 WARNING 'ansible_navigator.main' Configuration errors encountered, rolling back to previous configuration.
2024-09-18T17:57:53.764735+00:00 DEBUG 'ansible_navigator.main' Prior to rollback: ansible_runner_artifact_dir = 'Not set' (Constants/Not set)
2024-09-18T17:57:53.764761+00:00 DEBUG 'ansible_navigator.main' Prior to rollback: ansible_runner_rotate_artifacts_count = 'Not set' (Constants/Not set)
2024-09-18T17:57:53.764787+00:00 DEBUG 'ansible_navigator.main' Prior to rollback: ansible_runner_timeout = 'Not set' (Constants/Not set)
2024-09-18T17:57:53.764814+00:00 DEBUG 'ansible_navigator.main' Prior to rollback: ansible_runner_write_job_events = 'False' (bool/Defaults)
2024-09-18T17:57:53.764840+00:00 DEBUG 'ansible_navigator.main' Prior to rollback: app = 'welcome' (str/Defaults)
2024-09-18T17:57:53.764867+00:00 DEBUG 'ansible_navigator.main' Prior to rollback: cmdline = '['packages.yml']' (list/Command line)
2024-09-18T17:57:53.764898+00:00 DEBUG 'ansible_navigator.main' Prior to rollback: collection_doc_cache_path = '/root/.cache/ansible-navigator/collection_doc_cache.db' (str/Defaults)
2024-09-18T17:57:53.764926+00:00 DEBUG 'ansible_navigator.main' Prior to rollback: config = 'Not set' (Constants/Not set)
2024-09-18T17:57:53.764952+00:00 DEBUG 'ansible_navigator.main' Prior to rollback: container_engine = 'auto' (str/Defaults)
2024-09-18T17:57:53.764979+00:00 DEBUG 'ansible_navigator.main' Prior to rollback: container_options = 'Not set' (Constants/Not set)
2024-09-18T17:57:53.765006+00:00 DEBUG 'ansible_navigator.main' Prior to rollback: display_color = 'True' (bool/Defaults)
2024-09-18T17:57:53.765032+00:00 DEBUG 'ansible_navigator.main' Prior to rollback: editor_command = 'vi +{line_number} {filename}' (str/Defaults)
2024-09-18T17:57:53.765058+00:00 DEBUG 'ansible_navigator.main' Prior to rollback: editor_console = 'True' (bool/Defaults)
2024-09-18T17:57:53.765085+00:00 DEBUG 'ansible_navigator.main' Prior to rollback: enable_prompts = 'False' (bool/Defaults)
2024-09-18T17:57:53.765110+00:00 DEBUG 'ansible_navigator.main' Prior to rollback: exec_command = '/bin/bash' (str/Defaults)
2024-09-18T17:57:53.765137+00:00 DEBUG 'ansible_navigator.main' Prior to rollback: exec_shell = 'True' (bool/Defaults)
2024-09-18T17:57:53.765163+00:00 DEBUG 'ansible_navigator.main' Prior to rollback: execution_environment = 'True' (bool/Defaults)
2024-09-18T17:57:53.765189+00:00 DEBUG 'ansible_navigator.main' Prior to rollback: execution_environment_image = 'ghcr.io/ansible/creator-ee:v0.22.0' (str/Defaults)
2024-09-18T17:57:53.765216+00:00 DEBUG 'ansible_navigator.main' Prior to rollback: execution_environment_volume_mounts = 'Not set' (Constants/Not set)
2024-09-18T17:57:53.765243+00:00 DEBUG 'ansible_navigator.main' Prior to rollback: format = 'yaml' (str/Defaults)
2024-09-18T17:57:53.765269+00:00 DEBUG 'ansible_navigator.main' Prior to rollback: help_builder = 'False' (bool/Defaults)
2024-09-18T17:57:53.765295+00:00 DEBUG 'ansible_navigator.main' Prior to rollback: help_config = 'False' (bool/Defaults)
2024-09-18T17:57:53.765321+00:00 DEBUG 'ansible_navigator.main' Prior to rollback: help_doc = 'False' (bool/Defaults)
2024-09-18T17:57:53.765348+00:00 DEBUG 'ansible_navigator.main' Prior to rollback: help_inventory = 'False' (bool/Defaults)
2024-09-18T17:57:53.765374+00:00 DEBUG 'ansible_navigator.main' Prior to rollback: help_playbook = 'False' (bool/Defaults)
2024-09-18T17:57:53.765400+00:00 DEBUG 'ansible_navigator.main' Prior to rollback: images_details = '['everything']' (list/Defaults)
2024-09-18T17:57:53.767308+00:00 DEBUG 'ansible_navigator.main' Prior to rollback: inventory = 'Not set' (Constants/Not set)
2024-09-18T17:57:53.767384+00:00 DEBUG 'ansible_navigator.main' Prior to rollback: inventory_column = 'Not set' (Constants/Not set)
2024-09-18T17:57:53.767413+00:00 DEBUG 'ansible_navigator.main' Prior to rollback: lint_config = 'Not set' (Constants/Not set)
2024-09-18T17:57:53.767440+00:00 DEBUG 'ansible_navigator.main' Prior to rollback: lintables = 'Not set' (Constants/Not set)
2024-09-18T17:57:53.767467+00:00 DEBUG 'ansible_navigator.main' Prior to rollback: log_append = 'True' (bool/Defaults)
2024-09-18T17:57:53.767494+00:00 DEBUG 'ansible_navigator.main' Prior to rollback: log_file = '/home/student/ansible/ansible-navigator.log' (str/Defaults)
2024-09-18T17:57:53.767520+00:00 DEBUG 'ansible_navigator.main' Prior to rollback: log_level = 'warning' (str/Defaults)
2024-09-18T17:57:53.767546+00:00 DEBUG 'ansible_navigator.main' Prior to rollback: mode = 'interactive' (str/Defaults)
2024-09-18T17:57:53.767572+00:00 DEBUG 'ansible_navigator.main' Prior to rollback: osc4 = 'True' (bool/Defaults)
2024-09-18T17:57:53.767599+00:00 DEBUG 'ansible_navigator.main' Prior to rollback: pass_environment_variable = 'Not set' (Constants/Not set)
2024-09-18T17:57:53.767625+00:00 DEBUG 'ansible_navigator.main' Prior to rollback: playbook = 'Not set' (Constants/Not set)
2024-09-18T17:57:53.767650+00:00 DEBUG 'ansible_navigator.main' Prior to rollback: playbook_artifact_enable = 'True' (bool/Defaults)
2024-09-18T17:57:53.767690+00:00 DEBUG 'ansible_navigator.main' Prior to rollback: playbook_artifact_replay = 'Not set' (Constants/Not set)
2024-09-18T17:57:53.767718+00:00 DEBUG 'ansible_navigator.main' Prior to rollback: playbook_artifact_save_as = '{playbook_dir}/{playbook_name}-artifact-{time_stamp}.json' (str/Defaults)
2024-09-18T17:57:53.767744+00:00 DEBUG 'ansible_navigator.main' Prior to rollback: plugin_name = 'Not set' (Constants/Not set)
2024-09-18T17:57:53.767770+00:00 DEBUG 'ansible_navigator.main' Prior to rollback: plugin_type = 'module' (str/Defaults)
2024-09-18T17:57:53.767796+00:00 DEBUG 'ansible_navigator.main' Prior to rollback: pull_arguments = 'Not set' (Constants/Not set)
2024-09-18T17:57:53.767822+00:00 DEBUG 'ansible_navigator.main' Prior to rollback: pull_policy = 'tag' (str/Defaults)
2024-09-18T17:57:53.767847+00:00 DEBUG 'ansible_navigator.main' Prior to rollback: set_environment_variable = 'Not set' (Constants/Not set)
2024-09-18T17:57:53.767873+00:00 DEBUG 'ansible_navigator.main' Prior to rollback: settings_effective = 'False' (bool/Defaults)
2024-09-18T17:57:53.767898+00:00 DEBUG 'ansible_navigator.main' Prior to rollback: settings_sample = 'False' (bool/Defaults)
2024-09-18T17:57:53.767924+00:00 DEBUG 'ansible_navigator.main' Prior to rollback: settings_schema = 'json' (str/Defaults)
2024-09-18T17:57:53.767950+00:00 DEBUG 'ansible_navigator.main' Prior to rollback: settings_sources = 'False' (bool/Defaults)
2024-09-18T17:57:53.767975+00:00 DEBUG 'ansible_navigator.main' Prior to rollback: time_zone = 'UTC' (str/Defaults)
2024-09-18T17:57:53.768001+00:00 DEBUG 'ansible_navigator.main' Prior to rollback: workdir = '/home/student/ansible' (str/Defaults)
2024-09-18T17:57:53.768027+00:00 DEBUG 'ansible_navigator.main' After rollback: ansible_runner_artifact_dir = 'Not set' (Constants/Not set)
2024-09-18T17:57:53.768053+00:00 DEBUG 'ansible_navigator.main' After rollback: ansible_runner_rotate_artifacts_count = 'Not set' (Constants/Not set)
2024-09-18T17:57:53.768079+00:00 DEBUG 'ansible_navigator.main' After rollback: ansible_runner_timeout = 'Not set' (Constants/Not set)
2024-09-18T17:57:53.768105+00:00 DEBUG 'ansible_navigator.main' After rollback: ansible_runner_write_job_events = 'Not set' (Constants/Not set)
2024-09-18T17:57:53.768131+00:00 DEBUG 'ansible_navigator.main' After rollback: app = 'Not set' (Constants/Not set)
2024-09-18T17:57:53.768157+00:00 DEBUG 'ansible_navigator.main' After rollback: cmdline = 'Not set' (Constants/Not set)
2024-09-18T17:57:53.768183+00:00 DEBUG 'ansible_navigator.main' After rollback: collection_doc_cache_path = 'Not set' (Constants/Not set)
2024-09-18T17:57:53.768208+00:00 DEBUG 'ansible_navigator.main' After rollback: config = 'Not set' (Constants/Not set)
2024-09-18T17:57:53.768234+00:00 DEBUG 'ansible_navigator.main' After rollback: container_engine = 'Not set' (Constants/Not set)
2024-09-18T17:57:53.768260+00:00 DEBUG 'ansible_navigator.main' After rollback: container_options = 'Not set' (Constants/Not set)
2024-09-18T17:57:53.768286+00:00 DEBUG 'ansible_navigator.main' After rollback: display_color = 'Not set' (Constants/Not set)
2024-09-18T17:57:53.768312+00:00 DEBUG 'ansible_navigator.main' After rollback: editor_command = 'Not set' (Constants/Not set)
2024-09-18T17:57:53.768337+00:00 DEBUG 'ansible_navigator.main' After rollback: editor_console = 'Not set' (Constants/Not set)
2024-09-18T17:57:53.768363+00:00 DEBUG 'ansible_navigator.main' After rollback: enable_prompts = 'Not set' (Constants/Not set)
2024-09-18T17:57:53.768389+00:00 DEBUG 'ansible_navigator.main' After rollback: exec_command = 'Not set' (Constants/Not set)
2024-09-18T17:57:53.768414+00:00 DEBUG 'ansible_navigator.main' After rollback: exec_shell = 'Not set' (Constants/Not set)
2024-09-18T17:57:53.768441+00:00 DEBUG 'ansible_navigator.main' After rollback: execution_environment = 'Not set' (Constants/Not set)
2024-09-18T17:57:53.768467+00:00 DEBUG 'ansible_navigator.main' After rollback: execution_environment_image = 'Not set' (Constants/Not set)
2024-09-18T17:57:53.768499+00:00 DEBUG 'ansible_navigator.main' After rollback: execution_environment_volume_mounts = 'Not set' (Constants/Not set)
2024-09-18T17:57:53.768526+00:00 DEBUG 'ansible_navigator.main' After rollback: format = 'Not set' (Constants/Not set)
2024-09-18T17:57:53.768552+00:00 DEBUG 'ansible_navigator.main' After rollback: help_builder = 'Not set' (Constants/Not set)
2024-09-18T17:57:53.768578+00:00 DEBUG 'ansible_navigator.main' After rollback: help_config = 'Not set' (Constants/Not set)
2024-09-18T17:57:53.768603+00:00 DEBUG 'ansible_navigator.main' After rollback: help_doc = 'Not set' (Constants/Not set)
2024-09-18T17:57:53.768629+00:00 DEBUG 'ansible_navigator.main' After rollback: help_inventory = 'Not set' (Constants/Not set)
2024-09-18T17:57:53.768655+00:00 DEBUG 'ansible_navigator.main' After rollback: help_playbook = 'Not set' (Constants/Not set)
2024-09-18T17:57:53.768681+00:00 DEBUG 'ansible_navigator.main' After rollback: images_details = 'Not set' (Constants/Not set)
2024-09-18T17:57:53.768706+00:00 DEBUG 'ansible_navigator.main' After rollback: inventory = 'Not set' (Constants/Not set)
2024-09-18T17:57:53.768732+00:00 DEBUG 'ansible_navigator.main' After rollback: inventory_column = 'Not set' (Constants/Not set)
2024-09-18T17:57:53.768757+00:00 DEBUG 'ansible_navigator.main' After rollback: lint_config = 'Not set' (Constants/Not set)
2024-09-18T17:57:53.768783+00:00 DEBUG 'ansible_navigator.main' After rollback: lintables = 'Not set' (Constants/Not set)
2024-09-18T17:57:53.768808+00:00 DEBUG 'ansible_navigator.main' After rollback: log_append = 'Not set' (Constants/Not set)
2024-09-18T17:57:53.768834+00:00 DEBUG 'ansible_navigator.main' After rollback: log_file = 'Not set' (Constants/Not set)
2024-09-18T17:57:53.768859+00:00 DEBUG 'ansible_navigator.main' After rollback: log_level = 'Not set' (Constants/Not set)
2024-09-18T17:57:53.768884+00:00 DEBUG 'ansible_navigator.main' After rollback: mode = 'Not set' (Constants/Not set)
2024-09-18T17:57:53.768914+00:00 DEBUG 'ansible_navigator.main' After rollback: osc4 = 'Not set' (Constants/Not set)
2024-09-18T17:57:53.768961+00:00 DEBUG 'ansible_navigator.main' After rollback: pass_environment_variable = 'Not set' (Constants/Not set)
2024-09-18T17:57:53.768998+00:00 DEBUG 'ansible_navigator.main' After rollback: playbook = 'Not set' (Constants/Not set)
2024-09-18T17:57:53.769026+00:00 DEBUG 'ansible_navigator.main' After rollback: playbook_artifact_enable = 'Not set' (Constants/Not set)
2024-09-18T17:57:53.769052+00:00 DEBUG 'ansible_navigator.main' After rollback: playbook_artifact_replay = 'Not set' (Constants/Not set)
2024-09-18T17:57:53.769078+00:00 DEBUG 'ansible_navigator.main' After rollback: playbook_artifact_save_as = 'Not set' (Constants/Not set)
2024-09-18T17:57:53.769105+00:00 DEBUG 'ansible_navigator.main' After rollback: plugin_name = 'Not set' (Constants/Not set)
2024-09-18T17:57:53.769131+00:00 DEBUG 'ansible_navigator.main' After rollback: plugin_type = 'Not set' (Constants/Not set)
2024-09-18T17:57:53.769157+00:00 DEBUG 'ansible_navigator.main' After rollback: pull_arguments = 'Not set' (Constants/Not set)
2024-09-18T17:57:53.769183+00:00 DEBUG 'ansible_navigator.main' After rollback: pull_policy = 'Not set' (Constants/Not set)
2024-09-18T17:57:53.769209+00:00 DEBUG 'ansible_navigator.main' After rollback: set_environment_variable = 'Not set' (Constants/Not set)
2024-09-18T17:57:53.769234+00:00 DEBUG 'ansible_navigator.main' After rollback: settings_effective = 'Not set' (Constants/Not set)
2024-09-18T17:57:53.769260+00:00 DEBUG 'ansible_navigator.main' After rollback: settings_sample = 'Not set' (Constants/Not set)
2024-09-18T17:57:53.769286+00:00 DEBUG 'ansible_navigator.main' After rollback: settings_schema = 'Not set' (Constants/Not set)
2024-09-18T17:57:53.769311+00:00 DEBUG 'ansible_navigator.main' After rollback: settings_sources = 'Not set' (Constants/Not set)
2024-09-18T17:57:53.769337+00:00 DEBUG 'ansible_navigator.main' After rollback: time_zone = 'Not set' (Constants/Not set)
2024-09-18T17:57:53.769372+00:00 DEBUG 'ansible_navigator.main' After rollback: workdir = 'Not set' (Constants/Not set)
2024-09-18T17:57:53.769400+00:00 DEBUG 'ansible_navigator.main' Configuration rollback complete.
2024-09-18T17:57:53.769427+00:00 DEBUG 'ansible_navigator.main' Collection doc cache not mounted
2024-09-18T17:57:53.769471+00:00 WARNING 'ansible_navigator.main' Issues were found while applying the settings.
2024-09-18T17:57:53.769503+00:00 INFO 'ansible_navigator.main' Command provided: 'packages.yml'
2024-09-18T17:57:53.769541+00:00 ERROR 'ansible_navigator.main' argument {subcommand} --help: invalid choice: 'packages.yml' (choose from 'builder', 'collections', 'config', 'doc', 'exec', 'images', 'inventory', 'lint', 'replay', 'run', 'settings', 'welcome')
2024-09-18T17:57:53.769573+00:00 INFO 'ansible_navigator.main' Configuration failed, using default log file location. (/home/student/ansible/ansible-navigator.log) Log level set to debug
2024-09-18T17:57:53.769603+00:00 INFO 'ansible_navigator.main' Review the hints and log file to see what went wrong.
2024-09-18T17:58:08.668410+00:00 CRITICAL 'ansible_navigator.actions.run_8e34._handle_message' Unhandled message from runner queue, discarded: {'event': 'verbose', 'uuid': '196e02cd-f1a8-4108-8e3a-7f6a8869fb8b', 'counter': 1, 'stdout': '\x1b[1;35m[WARNING]: While constructing a mapping from\x1b[0m', 'start_line': 0, 'end_line': 1, 'runner_ident': 'b1d58e20-49e6-4cf3-b6bc-fa09280d3a27', 'created': '2024-09-18T17:58:08.667700+00:00'}
2024-09-18T17:58:08.668883+00:00 CRITICAL 'ansible_navigator.actions.run_8e34._handle_message' Unhandled message from runner queue, discarded: {'event': 'verbose', 'uuid': 'd495629e-0505-4e78-8fcb-16a80afda1e7', 'counter': 2, 'stdout': '\x1b[1;35m/home/student/ansible/packages.yml, line 13, column 7, found a duplicate dict\x1b[0m', 'start_line': 1, 'end_line': 2, 'runner_ident': 'b1d58e20-49e6-4cf3-b6bc-fa09280d3a27', 'created': '2024-09-18T17:58:08.668101+00:00'}
2024-09-18T17:58:08.668965+00:00 CRITICAL 'ansible_navigator.actions.run_8e34._handle_message' Unhandled message from runner queue, discarded: {'event': 'verbose', 'uuid': '77f8861b-f801-4fad-a466-34acce4c1b44', 'counter': 3, 'stdout': '\x1b[1;35mkey (yum). Using last defined value only.\x1b[0m', 'start_line': 2, 'end_line': 3, 'runner_ident': 'b1d58e20-49e6-4cf3-b6bc-fa09280d3a27', 'created': '2024-09-18T17:58:08.668185+00:00'}
